#
# A fatal error has been detected by the Java Runtime Environment:
#
#  EXCEPTION_ACCESS_VIOLATION (0xc0000005) at pc=0x00007fff2f2d60e7, pid=19192, tid=6572
#
# JRE version: Java(TM) SE Runtime Environment (21.0.2+13) (build 21.0.2+13-LTS-58)
# Java VM: Java HotSpot(TM) 64-Bit Server VM (21.0.2+13-LTS-58, mixed mode, sharing, tiered, compressed oops, compressed class ptrs, g1 gc, windows-amd64)
# Problematic frame:
# V  [jvm.dll+0x8460e7]
#
# No core dump will be written. Minidumps are not enabled by default on client versions of Windows
#
# If you would like to submit a bug report, please visit:
#   https://bugreport.java.com/bugreport/crash.jsp
#

---------------  S U M M A R Y ------------

Command Line: --enable-native-access=ALL-UNNAMED -Dclassworlds.conf=C:\Program Files\Apache\apache-maven-3.9.11\bin\m2.conf -Dmaven.home=C:\Program Files\Apache\apache-maven-3.9.11 -Dlibrary.jansi.path=C:\Program Files\Apache\apache-maven-3.9.11\lib\jansi-native -Dmaven.multiModuleProjectDirectory=d:\Architecture Micro-services avec RestTemplate\client-service org.codehaus.plexus.classworlds.launcher.Launcher spring-boot:run

Host: Intel(R) Core(TM) i7-5600U CPU @ 2.60GHz, 4 cores, 7G,  Windows 10 , 64 bit Build 19041 (10.0.19041.5915)
Time: Mon Jan 12 02:19:20 2026 Maroc (heure d64 bit Build 19041 (10.0.19041.5915) elapsed time: 2.450107 seconds (0d 0h 0m 2s)

---------------  T H R E A D  ---------------

Current thread (0x0000025b38ef3420):  JavaThread "main"             [_thread_in_vm, id=6572, stack(0x0000007c2fe00000,0x0000007c2ff00000) (1024K)]

Stack: [0x0000007c2fe00000,0x0000007c2ff00000],  sp=0x0000007c2fefab90,  free space=1002k
Native frames: (J=compiled Java code, j=interpreted, Vv=VM code, C=native code)
V  [jvm.dll+0x8460e7]
V  [jvm.dll+0x849b78]
V  [jvm.dll+0x842bfb]
V  [jvm.dll+0x3c2e60]
V  [jvm.dll+0x3c1f37]
V  [jvm.dll+0x3c1ed8]
V  [jvm.dll+0x3d3c4a]
C  0x0000025b488aa7ff

The last pc belongs to new (printed below).
Java frames: (J=compiled Java code, j=interpreted, Vv=VM code)
j  org.apache.maven.model.io.xpp3.MavenXpp3ReaderEx.parseRepository(Lorg/codehaus/plexus/util/xml/pull/XmlPullParser;ZLorg/apache/maven/model/InputSource;)Lorg/apache/maven/model/Repository;+8
j  org.apache.maven.model.io.xpp3.MavenXpp3ReaderEx.parseModel(Lorg/codehaus/plexus/util/xml/pull/XmlPullParser;ZLorg/apache/maven/model/InputSource;)Lorg/apache/maven/model/Model;+1817
j  org.apache.maven.model.io.xpp3.MavenXpp3ReaderEx.read(Lorg/codehaus/plexus/util/xml/pull/XmlPullParser;ZLorg/apache/maven/model/InputSource;)Lorg/apache/maven/model/Model;+104
j  org.apache.maven.model.io.xpp3.MavenXpp3ReaderEx.read(Ljava/io/Reader;ZLorg/apache/maven/model/InputSource;)Lorg/apache/maven/model/Model;+42
j  org.apache.maven.model.io.DefaultModelReader.read(Ljava/io/Reader;ZLorg/apache/maven/model/InputSource;)Lorg/apache/maven/model/Model;+14
j  org.apache.maven.model.io.DefaultModelReader.read(Ljava/io/InputStream;Ljava/util/Map;)Lorg/apache/maven/model/Model;+24
j  org.apache.maven.model.building.DefaultModelProcessor.read(Ljava/io/InputStream;Ljava/util/Map;)Lorg/apache/maven/model/Model;+6
j  org.apache.maven.model.building.DefaultModelBuilder.readModel(Lorg/apache/maven/model/building/ModelSource;Ljava/io/File;Lorg/apache/maven/model/building/ModelBuildingRequest;Lorg/apache/maven/model/building/DefaultModelProblemCollector;)Lorg/apache/maven/model/Model;+144
j  org.apache.maven.model.building.DefaultModelBuilder.build(Lorg/apache/maven/model/building/ModelBuildingRequest;Ljava/util/Collection;)Lorg/apache/maven/model/building/ModelBuildingResult;+47
j  org.apache.maven.model.building.DefaultModelBuilder.build(Lorg/apache/maven/model/building/ModelBuildingRequest;)Lorg/apache/maven/model/building/ModelBuildingResult;+9
j  org.apache.maven.project.DefaultProjectBuilder.build(Ljava/util/List;Ljava/util/List;Ljava/util/Map;Ljava/io/File;Ljava/util/Set;ZZLorg/apache/maven/project/DefaultProjectBuilder$InternalConfig;)Z+91
j  org.apache.maven.project.DefaultProjectBuilder.build(Ljava/util/List;Ljava/util/List;Ljava/util/Map;Ljava/util/List;Ljava/util/Set;ZZLorg/apache/maven/project/DefaultProjectBuilder$InternalConfig;)Z+58
j  org.apache.maven.project.DefaultProjectBuilder.build(Ljava/util/List;ZLorg/apache/maven/project/ProjectBuildingRequest;)Ljava/util/List;+98
j  org.apache.maven.graph.DefaultGraphBuilder.collectProjects(Ljava/util/List;Ljava/util/List;Lorg/apache/maven/execution/MavenExecutionRequest;)V+21
j  org.apache.maven.graph.DefaultGraphBuilder.getProjectsForMavenReactor(Lorg/apache/maven/execution/MavenSession;)Ljava/util/List;+131
j  org.apache.maven.graph.DefaultGraphBuilder.build(Lorg/apache/maven/execution/MavenSession;)Lorg/apache/maven/model/building/Result;+12
j  org.apache.maven.DefaultMaven.buildGraph(Lorg/apache/maven/execution/MavenSession;Lorg/apache/maven/execution/MavenExecutionResult;)Lorg/apache/maven/model/building/Result;+5
j  org.apache.maven.DefaultMaven.doExecute(Lorg/apache/maven/execution/MavenExecutionRequest;Lorg/apache/maven/execution/MavenSession;Lorg/apache/maven/execution/MavenExecutionResult;Lorg/eclipse/aether/DefaultRepositorySystemSession;)Lorg/apache/maven/execution/MavenExecutionResult;+75
j  org.apache.maven.DefaultMaven.doExecute(Lorg/apache/maven/execution/MavenExecutionRequest;)Lorg/apache/maven/execution/MavenExecutionResult;+98
j  org.apache.maven.DefaultMaven.execute(Lorg/apache/maven/execution/MavenExecutionRequest;)Lorg/apache/maven/execution/MavenExecutionResult;+2
j  org.apache.maven.cli.MavenCli.execute(Lorg/apache/maven/cli/CliRequest;)I+27
j  org.apache.maven.cli.MavenCli.doMain(Lorg/apache/maven/cli/CliRequest;)I+66
j  org.apache.maven.cli.MavenCli.main([Ljava/lang/String;Lorg/codehaus/plexus/classworlds/ClassWorld;)I+24
j  java.lang.invoke.DirectMethodHandle$Holder.invokeStatic(Ljava/lang/Object;Ljava/lang/Object;Ljava/lang/Object;)I+11 java.base@21.0.2
j  java.lang.invoke.LambdaForm$MH+0x0000025b57009400.invoke(Ljava/lang/Object;Ljava/lang/Object;Ljava/lang/Object;Ljava/lang/Object;)Ljava/lang/Object;+54 java.base@21.0.2
j  java.lang.invoke.LambdaForm$MH+0x0000025b57009800.invokeExact_MT(Ljava/lang/Object;Ljava/lang/Object;Ljava/lang/Object;Ljava/lang/Object;Ljava/lang/Object;)Ljava/lang/Object;+22 java.base@21.0.2
j  jdk.internal.reflect.DirectMethodHandleAccessor.invokeImpl(Ljava/lang/Object;[Ljava/lang/Object;)Ljava/lang/Object;+72 java.base@21.0.2
j  jdk.internal.reflect.DirectMethodHandleAccessor.invoke(Ljava/lang/Object;[Ljava/lang/Object;)Ljava/lang/Object;+23 java.base@21.0.2
j  java.lang.reflect.Method.invoke(Ljava/lang/Object;[Ljava/lang/Object;)Ljava/lang/Object;+102 java.base@21.0.2
j  org.codehaus.plexus.classworlds.launcher.Launcher.launchEnhanced([Ljava/lang/String;)V+45
j  org.codehaus.plexus.classworlds.launcher.Launcher.launch([Ljava/lang/String;)V+2
j  org.codehaus.plexus.classworlds.launcher.Launcher.mainWithExitCode([Ljava/lang/String;)I+108
j  org.codehaus.plexus.classworlds.launcher.Launcher.main([Ljava/lang/String;)V+1
v  ~StubRoutines::call_stub 0x0000025b4889100d

siginfo: EXCEPTION_ACCESS_VIOLATION (0xc0000005), reading address 0x0000025b4648490e


Registers:
RAX=0x00000000000000b6, RBX=0x0000007c2fefbef0, RCX=0x0000025b46484908, RDX=0x0000000000000018
RSP=0x0000007c2fefab90, RBP=0x0000007c2fefac90, RSI=0x0000000000000000, RDI=0x0000007c2fefbdc0
R8 =0x0000000000000003, R9 =0x0000025b36e04c20, R10=0x00007fff2ea90000, R11=0x0000000000000000
R12=0x0000025b9b4091c0, R13=0x000000000000003b, R14=0x0000025b38ef3420, R15=0x0000000000000025
RIP=0x00007fff2f2d60e7, EFLAGS=0x0000000000010297


Register to memory mapping:

RAX=0x00000000000000b6 is an unknown value
RBX=0x0000007c2fefbef0 is pointing into the stack for thread: 0x0000025b38ef3420
RCX=0x0000025b46484908 is an unknown value
RDX=0x0000000000000018 is an unknown value
RSP=0x0000007c2fefab90 is pointing into the stack for thread: 0x0000025b38ef3420
RBP=0x0000007c2fefac90 is pointing into the stack for thread: 0x0000025b38ef3420
RSI=0x0 is null
RDI=0x0000007c2fefbdc0 is pointing into the stack for thread: 0x0000025b38ef3420
R8 =0x0000000000000003 is an unknown value
R9 =0x0000025b36e04c20 points into unknown readable memory: 0x73726573555c3a02 | 02 3a 5c 55 73 65 72 73
R10=0x00007fff2ea90000 jvm.dll
R11=0x0 is null
R12=0x0000025b9b4091c0 points into unknown readable memory: 0x0000000000000000 | 00 00 00 00 00 00 00 00
R13=0x000000000000003b is an unknown value
R14=0x0000025b38ef3420 is a thread
R15=0x0000000000000025 is an unknown value

Top of Stack: (sp=0x0000007c2fefab90)
0x0000007c2fefab90:   0000007c2fefbef0 0000000000000021
0x0000007c2fefaba0:   00000000000000b6 0000007c2fefbdc0
0x0000007c2fefabb0:   0000007c00000400 0000025b38ef3420
0x0000007c2fefabc0:   0000007c2fefbd00 0000007c2fefada8
0x0000007c2fefabd0:   0000007c2fefaea8 0000007c2fefaed8
0x0000007c2fefabe0:   0000025b38ef001d 00007fff2f1debb6
0x0000007c2fefabf0:   000000b62fef0020 0000025b9b408a68
0x0000007c2fefac00:   0000007c2fefbdc0 00007fff2f2d4b66
0x0000007c2fefac10:   0000025b38ef3420 00007fff2f2dabd8
0x0000007c2fefac20:   0000007c2fefacc9 0000025b38ef3420
0x0000007c2fefac30:   0000025b56480090 0000007c2fefac50
0x0000007c2fefac40:   0000007c2fefbdc0 00007fff2f2d3f34
0x0000007c2fefac50:   0000025b38ef3420 0000000000000002
0x0000007c2fefac60:   0000000000000000 ffffffffffff0001
0x0000007c2fefac70:   0000025b38ef3420 0000000000000001
0x0000007c2fefac80:   0000007c00000020 0000025b56486f00
0x0000007c2fefac90:   0000007c2fefdda0 0000000000000009
0x0000007c2fefaca0:   0000000000000000 ffffffffffff0001
0x0000007c2fefacb0:   0000000000000009 0000000000000000
0x0000007c2fefacc0:   ffffffffffff0001 0000007c2fefad70
0x0000007c2fefacd0:   0000025b38ef3420 00007fff2f2d3ed2
0x0000007c2feface0:   0000025b38ef3420 0000000000000000
0x0000007c2fefacf0:   000000000000003b 0000007c2fefbdc0
0x0000007c2fefad00:   00000000000000b6 000000000000003b
0x0000007c2fefad10:   0000007c2fefae20 00007fff2f2d9b78
0x0000007c2fefad20:   0000000000003300 0000007c2fefae20
0x0000007c2fefad30:   0000000000000057 0000007c2fefad70
0x0000007c2fefad40:   0000007c2fefae00 0000007c2fefada8
0x0000007c2fefad50:   0000025b55cfaca8 0000007c2fefaea8
0x0000007c2fefad60:   0000007c2fefaed8 0000025b46484908
0x0000007c2fefad70:   000000020000003b 0000000400000004
0x0000007c2fefad80:   0000000400000002 0000025b9b40a400 

Instructions: (pc=0x00007fff2f2d60e7)
0x00007fff2f2d5fe7:   77 1f 00 4c 8d 05 4f 63 21 00 44 89 5c 24 6c 48
0x00007fff2f2d5ff7:   8d 55 b0 66 44 89 5c 24 74 66 0f 6f d1 66 44 89
0x00007fff2f2d6007:   5d 8c 48 8b cf f3 0f 7f 4d 90 44 89 6c 24 68 66
0x00007fff2f2d6017:   0f 15 d2 c7 44 24 70 09 00 00 00 0f 10 44 24 68
0x00007fff2f2d6027:   c7 45 88 09 00 00 00 0f 29 4d c0 0f 29 45 b0 0f
0x00007fff2f2d6037:   10 45 88 f2 0f 11 55 e0 0f 29 45 d0 e8 e8 e3 ff
0x00007fff2f2d6047:   ff e9 8d 06 00 00 3d ba 00 00 00 0f 85 88 00 00
0x00007fff2f2d6057:   00 48 8b 01 48 63 49 10 48 8b 40 08 80 7c 08 3b
0x00007fff2f2d6067:   00 75 07 80 7c 08 3c 00 74 6b 66 0f 6f 0d 57 77
0x00007fff2f2d6077:   1f 00 4c 8d 05 f8 62 21 00 44 89 5c 24 6c 48 8d
0x00007fff2f2d6087:   55 b0 66 44 89 5c 24 74 66 0f 6f d1 66 44 89 5d
0x00007fff2f2d6097:   8c 48 8b cf f3 0f 7f 4d 90 44 89 6c 24 68 66 0f
0x00007fff2f2d60a7:   15 d2 c7 44 24 70 09 00 00 00 0f 10 44 24 68 c7
0x00007fff2f2d60b7:   45 88 09 00 00 00 0f 29 4d c0 0f 29 45 b0 0f 10
0x00007fff2f2d60c7:   45 88 f2 0f 11 55 e0 0f 29 45 d0 e8 59 e3 ff ff
0x00007fff2f2d60d7:   e9 fe 05 00 00 8b 44 24 64 48 8b 8d d8 00 00 00
0x00007fff2f2d60e7:   80 79 06 3c 75 7f 3d b7 00 00 00 75 0d 48 3b 0d
0x00007fff2f2d60f7:   05 1f 40 00 0f 84 04 02 00 00 66 0f 6f 0d c7 76
0x00007fff2f2d6107:   1f 00 4c 8d 05 a8 62 21 00 44 89 5c 24 6c 48 8d
0x00007fff2f2d6117:   55 b0 66 44 89 5c 24 74 66 0f 6f d1 66 44 89 5d
0x00007fff2f2d6127:   8c 48 8b cf f3 0f 7f 4d 90 44 89 6c 24 68 66 0f
0x00007fff2f2d6137:   15 d2 c7 44 24 70 09 00 00 00 0f 10 44 24 68 c7
0x00007fff2f2d6147:   45 88 09 00 00 00 0f 29 4d c0 0f 29 45 b0 0f 10
0x00007fff2f2d6157:   45 88 f2 0f 11 55 e0 0f 29 45 d0 e8 c9 e2 ff ff
0x00007fff2f2d6167:   e9 6e 05 00 00 3d b7 00 00 00 0f 85 8e 01 00 00
0x00007fff2f2d6177:   4c 8b 45 a0 4c 8b 97 e0 1f 00 00 4c 3b 87 f8 1f
0x00007fff2f2d6187:   00 00 0f 84 7a 01 00 00 49 8b 8a 98 01 00 00 48
0x00007fff2f2d6197:   85 c9 74 2e 4c 63 09 4d 85 c9 7e 26 49 8b d3 48
0x00007fff2f2d61a7:   83 c1 08 66 0f 1f 44 00 00 48 8b 01 4c 3b 40 18
0x00007fff2f2d61b7:   0f 84 4c 01 00 00 48 ff c2 48 83 c1 08 49 3b d1
0x00007fff2f2d61c7:   7c e7 49 8b 42 78 4c 3b 40 18 0f 84 32 01 00 00
0x00007fff2f2d61d7:   0f b7 4c 24 60 48 8d 55 08 48 8b 85 c8 00 00 00 


Stack slot to memory mapping:

stack at sp + 0 slots: 0x0000007c2fefbef0 is pointing into the stack for thread: 0x0000025b38ef3420
stack at sp + 1 slots: 0x0000000000000021 is an unknown value
stack at sp + 2 slots: 0x00000000000000b6 is an unknown value
stack at sp + 3 slots: 0x0000007c2fefbdc0 is pointing into the stack for thread: 0x0000025b38ef3420
stack at sp + 4 slots: 0x0000007c00000400 is an unknown value
stack at sp + 5 slots: 0x0000025b38ef3420 is a thread
stack at sp + 6 slots: 0x0000007c2fefbd00 is pointing into the stack for thread: 0x0000025b38ef3420
stack at sp + 7 slots: 0x0000007c2fefada8 is pointing into the stack for thread: 0x0000025b38ef3420

new  187 new  [0x0000025b488aa680, 0x0000025b488aa888]  520 bytes
[MachCode]
  0x0000025b488aa680: 4883 ec08 | c5fa 1104 | 24eb 1f48 | 83ec 10c5 | fb11 0424 | eb14 4883 | ec10 4889 | 0424 48c7 
  0x0000025b488aa6a0: 4424 0800 | 0000 00eb | 0150 410f | b755 010f | cac1 ea10 | 488b 4de8 | 488b 4908 | 488b 4908 
  0x0000025b488aa6c0: 488b 4108 | 807c 1004 | 070f 85d3 | 0000 0066 | 8b54 d148 | 488b 4928 | 488b 4cd1 | 0851 80b9 
  0x0000025b488aa6e0: 2001 0000 | 050f 85b6 | 0000 008b | 5108 f6c2 | 010f 85aa | 0000 0049 | 8b87 b801 | 0000 488d 
  0x0000025b488aa700: 1c10 493b | 9fc8 0100 | 000f 8792 | 0000 0049 | 899f b801 | 0000 4883 | ea10 0f84 | 0f00 0000 
  0x0000025b488aa720: 33c9 c1ea | 0348 894c | d008 48ff | ca75 f648 | c700 0100 | 0000 5933 | f689 700c | 49ba 0000 
  0x0000025b488aa740: 0056 5b02 | 0000 492b | ca89 4808 | 49ba fa45 | 6b2f ff7f | 0000 4180 | 3a00 0f84 | 3c00 0000 
  0x0000025b488aa760: 5048 8bc8 | 4883 ec20 | 40f6 c40f | 0f84 1900 | 0000 4883 | ec08 48b8 | 8009 1c2f | ff7f 0000 
  0x0000025b488aa780: ffd0 4883 | c408 e90c | 0000 0048 | b880 091c | 2fff 7f00 | 00ff d048 | 83c4 2058 | e9cb 0000 
  0x0000025b488aa7a0: 0059 488b | 55e8 488b | 5208 488b | 5208 450f | b745 0141 | 0fc8 41c1 | e810 e805 | 0000 00e9 
  0x0000025b488aa7c0: a800 0000 | 488d 4424 | 084c 896d | c049 8bcf | c5f8 7749 | 89af a803 | 0000 4989 | 8798 0300 
  0x0000025b488aa7e0: 0048 83ec | 2040 f6c4 | 0f0f 8419 | 0000 0048 | 83ec 0848 | b8c0 3be6 | 2eff 7f00 | 00ff d048 
  0x0000025b488aa800: 83c4 08e9 | 0c00 0000 | 48b8 c03b | e62e ff7f | 0000 ffd0 | 4883 c420 | 49c7 8798 | 0300 0000 
  0x0000025b488aa820: 0000 0049 | c787 a803 | 0000 0000 | 0000 49c7 | 87a0 0300 | 0000 0000 | 00c5 f877 | 4983 7f08 
  0x0000025b488aa840: 000f 8405 | 0000 00e9 | b466 feff | 498b 87f0 | 0300 0049 | c787 f003 | 0000 0000 | 0000 4c8b 
  0x0000025b488aa860: 6dc0 4c8b | 75c8 4e8d | 74f5 00c3 | 410f b65d | 0349 83c5 | 0349 ba00 | 076e 2fff | 7f00 0041 
  0x0000025b488aa880: ff24 da0f | 1f44 0000 
[/MachCode]

---------------  P R O C E S S  ---------------

Threads class SMR info:
_java_thread_list=0x0000025b9b540ee0, length=12, elements={
0x0000025b38ef3420, 0x0000025b54fb0a40, 0x0000025b54fb1960, 0x0000025b54fb7690,
0x0000025b54fba460, 0x0000025b54fbb660, 0x0000025b54fbc860, 0x0000025b54fbe330,
0x0000025b54fbedd0, 0x0000025b55244340, 0x0000025b55250e60, 0x0000025b9b3fcc40
}

Java Threads: ( => current thread )
=>0x0000025b38ef3420 JavaThread "main"                              [_thread_in_vm, id=6572, stack(0x0000007c2fe00000,0x0000007c2ff00000) (1024K)]
  0x0000025b54fb0a40 JavaThread "Reference Handler"          daemon [_thread_blocked, id=13044, stack(0x0000007c30600000,0x0000007c30700000) (1024K)]
  0x0000025b54fb1960 JavaThread "Finalizer"                  daemon [_thread_blocked, id=14680, stack(0x0000007c30700000,0x0000007c30800000) (1024K)]
  0x0000025b54fb7690 JavaThread "Signal Dispatcher"          daemon [_thread_blocked, id=17164, stack(0x0000007c30800000,0x0000007c30900000) (1024K)]
  0x0000025b54fba460 JavaThread "Attach Listener"            daemon [_thread_blocked, id=15212, stack(0x0000007c30900000,0x0000007c30a00000) (1024K)]
  0x0000025b54fbb660 JavaThread "Service Thread"             daemon [_thread_blocked, id=13904, stack(0x0000007c30a00000,0x0000007c30b00000) (1024K)]
  0x0000025b54fbc860 JavaThread "Monitor Deflation Thread"   daemon [_thread_blocked, id=18608, stack(0x0000007c30b00000,0x0000007c30c00000) (1024K)]
  0x0000025b54fbe330 JavaThread "C2 CompilerThread0"         daemon [_thread_blocked, id=10596, stack(0x0000007c30c00000,0x0000007c30d00000) (1024K)]
  0x0000025b54fbedd0 JavaThread "C1 CompilerThread0"         daemon [_thread_blocked, id=17560, stack(0x0000007c30d00000,0x0000007c30e00000) (1024K)]
  0x0000025b55244340 JavaThread "Notification Thread"        daemon [_thread_blocked, id=17232, stack(0x0000007c30e00000,0x0000007c30f00000) (1024K)]
  0x0000025b55250e60 JavaThread "Common-Cleaner"             daemon [_thread_blocked, id=17752, stack(0x0000007c30f00000,0x0000007c31000000) (1024K)]
  0x0000025b9b3fcc40 JavaThread "Thread-1"                   daemon [_thread_blocked, id=19180, stack(0x0000007c31300000,0x0000007c31400000) (1024K)]
Total: 12

Other Threads:
  0x0000025b54f93d70 VMThread "VM Thread"                           [id=10348, stack(0x0000007c30500000,0x0000007c30600000) (1024K)]
  0x0000025b54f7b3c0 WatcherThread "VM Periodic Task Thread"        [id=5036, stack(0x0000007c30400000,0x0000007c30500000) (1024K)]
  0x0000025b38f44e10 WorkerThread "GC Thread#0"                     [id=10224, stack(0x0000007c2ff00000,0x0000007c30000000) (1024K)]
  0x0000025b55c77d70 WorkerThread "GC Thread#1"                     [id=3328, stack(0x0000007c31000000,0x0000007c31100000) (1024K)]
  0x0000025b55c78110 WorkerThread "GC Thread#2"                     [id=11604, stack(0x0000007c31100000,0x0000007c31200000) (1024K)]
  0x0000025b559e8720 WorkerThread "GC Thread#3"                     [id=18536, stack(0x0000007c31200000,0x0000007c31300000) (1024K)]
  0x0000025b38f56bf0 ConcurrentGCThread "G1 Main Marker"            [id=16956, stack(0x0000007c30000000,0x0000007c30100000) (1024K)]
  0x0000025b38f57e90 WorkerThread "G1 Conc#0"                       [id=13808, stack(0x0000007c30100000,0x0000007c30200000) (1024K)]
  0x0000025b38fb7bb0 ConcurrentGCThread "G1 Refine#0"               [id=2680, stack(0x0000007c30200000,0x0000007c30300000) (1024K)]
  0x0000025b38fb8720 ConcurrentGCThread "G1 Service"                [id=11308, stack(0x0000007c30300000,0x0000007c30400000) (1024K)]
Total: 10

Threads with active compile tasks:
Total: 0

VM state: not at safepoint (normal execution)

VM Mutex/Monitor currently owned by a thread: None

Heap address: 0x0000000081e00000, size: 2018 MB, Compressed Oops mode: 32-bit

CDS archive(s) mapped at: [0x0000025b56000000-0x0000025b56c90000-0x0000025b56c90000), size 13172736, SharedBaseAddress: 0x0000025b56000000, ArchiveRelocationMode: 1.
Compressed class space mapped at: 0x0000025b57000000-0x0000025b97000000, reserved size: 1073741824
Narrow klass base: 0x0000025b56000000, Narrow klass shift: 0, Narrow klass range: 0x100000000

GC Precious Log:
 CardTable entry size: 512
 Card Set container configuration: InlinePtr #cards 5 size 8 Array Of Cards #cards 12 size 40 Howl #buckets 4 coarsen threshold 1843 Howl Bitmap #cards 512 size 80 coarsen threshold 460 Card regions per heap region 1 cards per card region 2048
 CPUs: 4 total, 4 available
 Memory: 8067M
 Large Page Support: Disabled
 NUMA Support: Disabled
 Compressed Oops: Enabled (32-bit)
 Heap Region Size: 1M
 Heap Min Capacity: 8M
 Heap Initial Capacity: 128M
 Heap Max Capacity: 2018M
 Pre-touch: Disabled
 Parallel Workers: 4
 Concurrent Workers: 1
 Concurrent Refinement Workers: 4
 Periodic GC: Disabled

Heap:
 garbage-first heap   total 131072K, used 47249K [0x0000000081e00000, 0x0000000100000000)
  region size 1024K, 45 young (46080K), 1 survivors (1024K)
 Metaspace       used 14181K, committed 14400K, reserved 1114112K
  class space    used 1704K, committed 1792K, reserved 1048576K

Heap Regions: E=young(eden), S=young(survivor), O=old, HS=humongous(starts), HC=humongous(continues), CS=collection set, F=free, TAMS=top-at-mark-start, PB=parsable bottom
|   0|0x0000000081e00000, 0x0000000081f00000, 0x0000000081f00000|100%| O|  |TAMS 0x0000000081e00000| PB 0x0000000081e00000| Untracked 
|   1|0x0000000081f00000, 0x0000000082000000, 0x0000000082000000|100%| O|  |TAMS 0x0000000081f00000| PB 0x0000000081f00000| Untracked 
|   2|0x0000000082000000, 0x0000000082100000, 0x0000000082100000|100%| O|  |TAMS 0x0000000082000000| PB 0x0000000082000000| Untracked 
|   3|0x0000000082100000, 0x0000000082158548, 0x0000000082200000| 34%| O|  |TAMS 0x0000000082100000| PB 0x0000000082100000| Untracked 
|   4|0x0000000082200000, 0x0000000082200000, 0x0000000082300000|  0%| F|  |TAMS 0x0000000082200000| PB 0x0000000082200000| Untracked 
|   5|0x0000000082300000, 0x0000000082300000, 0x0000000082400000|  0%| F|  |TAMS 0x0000000082300000| PB 0x0000000082300000| Untracked 
|   6|0x0000000082400000, 0x0000000082400000, 0x0000000082500000|  0%| F|  |TAMS 0x0000000082400000| PB 0x0000000082400000| Untracked 
|   7|0x0000000082500000, 0x0000000082500000, 0x0000000082600000|  0%| F|  |TAMS 0x0000000082500000| PB 0x0000000082500000| Untracked 
|   8|0x0000000082600000, 0x0000000082600000, 0x0000000082700000|  0%| F|  |TAMS 0x0000000082600000| PB 0x0000000082600000| Untracked 
|   9|0x0000000082700000, 0x0000000082700000, 0x0000000082800000|  0%| F|  |TAMS 0x0000000082700000| PB 0x0000000082700000| Untracked 
|  10|0x0000000082800000, 0x0000000082800000, 0x0000000082900000|  0%| F|  |TAMS 0x0000000082800000| PB 0x0000000082800000| Untracked 
|  11|0x0000000082900000, 0x0000000082900000, 0x0000000082a00000|  0%| F|  |TAMS 0x0000000082900000| PB 0x0000000082900000| Untracked 
|  12|0x0000000082a00000, 0x0000000082a00000, 0x0000000082b00000|  0%| F|  |TAMS 0x0000000082a00000| PB 0x0000000082a00000| Untracked 
|  13|0x0000000082b00000, 0x0000000082b00000, 0x0000000082c00000|  0%| F|  |TAMS 0x0000000082b00000| PB 0x0000000082b00000| Untracked 
|  14|0x0000000082c00000, 0x0000000082c00000, 0x0000000082d00000|  0%| F|  |TAMS 0x0000000082c00000| PB 0x0000000082c00000| Untracked 
|  15|0x0000000082d00000, 0x0000000082d00000, 0x0000000082e00000|  0%| F|  |TAMS 0x0000000082d00000| PB 0x0000000082d00000| Untracked 
|  16|0x0000000082e00000, 0x0000000082e00000, 0x0000000082f00000|  0%| F|  |TAMS 0x0000000082e00000| PB 0x0000000082e00000| Untracked 
|  17|0x0000000082f00000, 0x0000000082f00000, 0x0000000083000000|  0%| F|  |TAMS 0x0000000082f00000| PB 0x0000000082f00000| Untracked 
|  18|0x0000000083000000, 0x0000000083000000, 0x0000000083100000|  0%| F|  |TAMS 0x0000000083000000| PB 0x0000000083000000| Untracked 
|  19|0x0000000083100000, 0x0000000083100000, 0x0000000083200000|  0%| F|  |TAMS 0x0000000083100000| PB 0x0000000083100000| Untracked 
|  20|0x0000000083200000, 0x0000000083200000, 0x0000000083300000|  0%| F|  |TAMS 0x0000000083200000| PB 0x0000000083200000| Untracked 
|  21|0x0000000083300000, 0x0000000083300000, 0x0000000083400000|  0%| F|  |TAMS 0x0000000083300000| PB 0x0000000083300000| Untracked 
|  22|0x0000000083400000, 0x0000000083400000, 0x0000000083500000|  0%| F|  |TAMS 0x0000000083400000| PB 0x0000000083400000| Untracked 
|  23|0x0000000083500000, 0x0000000083500000, 0x0000000083600000|  0%| F|  |TAMS 0x0000000083500000| PB 0x0000000083500000| Untracked 
|  24|0x0000000083600000, 0x0000000083600000, 0x0000000083700000|  0%| F|  |TAMS 0x0000000083600000| PB 0x0000000083600000| Untracked 
|  25|0x0000000083700000, 0x0000000083700000, 0x0000000083800000|  0%| F|  |TAMS 0x0000000083700000| PB 0x0000000083700000| Untracked 
|  26|0x0000000083800000, 0x0000000083800000, 0x0000000083900000|  0%| F|  |TAMS 0x0000000083800000| PB 0x0000000083800000| Untracked 
|  27|0x0000000083900000, 0x0000000083900000, 0x0000000083a00000|  0%| F|  |TAMS 0x0000000083900000| PB 0x0000000083900000| Untracked 
|  28|0x0000000083a00000, 0x0000000083a00000, 0x0000000083b00000|  0%| F|  |TAMS 0x0000000083a00000| PB 0x0000000083a00000| Untracked 
|  29|0x0000000083b00000, 0x0000000083b00000, 0x0000000083c00000|  0%| F|  |TAMS 0x0000000083b00000| PB 0x0000000083b00000| Untracked 
|  30|0x0000000083c00000, 0x0000000083c00000, 0x0000000083d00000|  0%| F|  |TAMS 0x0000000083c00000| PB 0x0000000083c00000| Untracked 
|  31|0x0000000083d00000, 0x0000000083d00000, 0x0000000083e00000|  0%| F|  |TAMS 0x0000000083d00000| PB 0x0000000083d00000| Untracked 
|  32|0x0000000083e00000, 0x0000000083e00000, 0x0000000083f00000|  0%| F|  |TAMS 0x0000000083e00000| PB 0x0000000083e00000| Untracked 
|  33|0x0000000083f00000, 0x0000000083f00000, 0x0000000084000000|  0%| F|  |TAMS 0x0000000083f00000| PB 0x0000000083f00000| Untracked 
|  34|0x0000000084000000, 0x0000000084000000, 0x0000000084100000|  0%| F|  |TAMS 0x0000000084000000| PB 0x0000000084000000| Untracked 
|  35|0x0000000084100000, 0x0000000084100000, 0x0000000084200000|  0%| F|  |TAMS 0x0000000084100000| PB 0x0000000084100000| Untracked 
|  36|0x0000000084200000, 0x0000000084200000, 0x0000000084300000|  0%| F|  |TAMS 0x0000000084200000| PB 0x0000000084200000| Untracked 
|  37|0x0000000084300000, 0x0000000084300000, 0x0000000084400000|  0%| F|  |TAMS 0x0000000084300000| PB 0x0000000084300000| Untracked 
|  38|0x0000000084400000, 0x0000000084400000, 0x0000000084500000|  0%| F|  |TAMS 0x0000000084400000| PB 0x0000000084400000| Untracked 
|  39|0x0000000084500000, 0x0000000084500000, 0x0000000084600000|  0%| F|  |TAMS 0x0000000084500000| PB 0x0000000084500000| Untracked 
|  40|0x0000000084600000, 0x0000000084600000, 0x0000000084700000|  0%| F|  |TAMS 0x0000000084600000| PB 0x0000000084600000| Untracked 
|  41|0x0000000084700000, 0x0000000084700000, 0x0000000084800000|  0%| F|  |TAMS 0x0000000084700000| PB 0x0000000084700000| Untracked 
|  42|0x0000000084800000, 0x0000000084800000, 0x0000000084900000|  0%| F|  |TAMS 0x0000000084800000| PB 0x0000000084800000| Untracked 
|  43|0x0000000084900000, 0x0000000084900000, 0x0000000084a00000|  0%| F|  |TAMS 0x0000000084900000| PB 0x0000000084900000| Untracked 
|  44|0x0000000084a00000, 0x0000000084a00000, 0x0000000084b00000|  0%| F|  |TAMS 0x0000000084a00000| PB 0x0000000084a00000| Untracked 
|  45|0x0000000084b00000, 0x0000000084b00000, 0x0000000084c00000|  0%| F|  |TAMS 0x0000000084b00000| PB 0x0000000084b00000| Untracked 
|  46|0x0000000084c00000, 0x0000000084c00000, 0x0000000084d00000|  0%| F|  |TAMS 0x0000000084c00000| PB 0x0000000084c00000| Untracked 
|  47|0x0000000084d00000, 0x0000000084d00000, 0x0000000084e00000|  0%| F|  |TAMS 0x0000000084d00000| PB 0x0000000084d00000| Untracked 
|  48|0x0000000084e00000, 0x0000000084e00000, 0x0000000084f00000|  0%| F|  |TAMS 0x0000000084e00000| PB 0x0000000084e00000| Untracked 
|  49|0x0000000084f00000, 0x0000000084f00000, 0x0000000085000000|  0%| F|  |TAMS 0x0000000084f00000| PB 0x0000000084f00000| Untracked 
|  50|0x0000000085000000, 0x0000000085000000, 0x0000000085100000|  0%| F|  |TAMS 0x0000000085000000| PB 0x0000000085000000| Untracked 
|  51|0x0000000085100000, 0x0000000085100000, 0x0000000085200000|  0%| F|  |TAMS 0x0000000085100000| PB 0x0000000085100000| Untracked 
|  52|0x0000000085200000, 0x0000000085200000, 0x0000000085300000|  0%| F|  |TAMS 0x0000000085200000| PB 0x0000000085200000| Untracked 
|  53|0x0000000085300000, 0x0000000085300000, 0x0000000085400000|  0%| F|  |TAMS 0x0000000085300000| PB 0x0000000085300000| Untracked 
|  54|0x0000000085400000, 0x0000000085400000, 0x0000000085500000|  0%| F|  |TAMS 0x0000000085400000| PB 0x0000000085400000| Untracked 
|  55|0x0000000085500000, 0x0000000085500000, 0x0000000085600000|  0%| F|  |TAMS 0x0000000085500000| PB 0x0000000085500000| Untracked 
|  56|0x0000000085600000, 0x0000000085600000, 0x0000000085700000|  0%| F|  |TAMS 0x0000000085600000| PB 0x0000000085600000| Untracked 
|  57|0x0000000085700000, 0x0000000085700000, 0x0000000085800000|  0%| F|  |TAMS 0x0000000085700000| PB 0x0000000085700000| Untracked 
|  58|0x0000000085800000, 0x0000000085800000, 0x0000000085900000|  0%| F|  |TAMS 0x0000000085800000| PB 0x0000000085800000| Untracked 
|  59|0x0000000085900000, 0x0000000085900000, 0x0000000085a00000|  0%| F|  |TAMS 0x0000000085900000| PB 0x0000000085900000| Untracked 
|  60|0x0000000085a00000, 0x0000000085a00000, 0x0000000085b00000|  0%| F|  |TAMS 0x0000000085a00000| PB 0x0000000085a00000| Untracked 
|  61|0x0000000085b00000, 0x0000000085b00000, 0x0000000085c00000|  0%| F|  |TAMS 0x0000000085b00000| PB 0x0000000085b00000| Untracked 
|  62|0x0000000085c00000, 0x0000000085c00000, 0x0000000085d00000|  0%| F|  |TAMS 0x0000000085c00000| PB 0x0000000085c00000| Untracked 
|  63|0x0000000085d00000, 0x0000000085d00000, 0x0000000085e00000|  0%| F|  |TAMS 0x0000000085d00000| PB 0x0000000085d00000| Untracked 
|  64|0x0000000085e00000, 0x0000000085e00000, 0x0000000085f00000|  0%| F|  |TAMS 0x0000000085e00000| PB 0x0000000085e00000| Untracked 
|  65|0x0000000085f00000, 0x0000000085f00000, 0x0000000086000000|  0%| F|  |TAMS 0x0000000085f00000| PB 0x0000000085f00000| Untracked 
|  66|0x0000000086000000, 0x0000000086000000, 0x0000000086100000|  0%| F|  |TAMS 0x0000000086000000| PB 0x0000000086000000| Untracked 
|  67|0x0000000086100000, 0x0000000086100000, 0x0000000086200000|  0%| F|  |TAMS 0x0000000086100000| PB 0x0000000086100000| Untracked 
|  68|0x0000000086200000, 0x0000000086200000, 0x0000000086300000|  0%| F|  |TAMS 0x0000000086200000| PB 0x0000000086200000| Untracked 
|  69|0x0000000086300000, 0x0000000086300000, 0x0000000086400000|  0%| F|  |TAMS 0x0000000086300000| PB 0x0000000086300000| Untracked 
|  70|0x0000000086400000, 0x0000000086400000, 0x0000000086500000|  0%| F|  |TAMS 0x0000000086400000| PB 0x0000000086400000| Untracked 
|  71|0x0000000086500000, 0x0000000086500000, 0x0000000086600000|  0%| F|  |TAMS 0x0000000086500000| PB 0x0000000086500000| Untracked 
|  72|0x0000000086600000, 0x0000000086600000, 0x0000000086700000|  0%| F|  |TAMS 0x0000000086600000| PB 0x0000000086600000| Untracked 
|  73|0x0000000086700000, 0x0000000086700000, 0x0000000086800000|  0%| F|  |TAMS 0x0000000086700000| PB 0x0000000086700000| Untracked 
|  74|0x0000000086800000, 0x0000000086800000, 0x0000000086900000|  0%| F|  |TAMS 0x0000000086800000| PB 0x0000000086800000| Untracked 
|  75|0x0000000086900000, 0x0000000086900000, 0x0000000086a00000|  0%| F|  |TAMS 0x0000000086900000| PB 0x0000000086900000| Untracked 
|  76|0x0000000086a00000, 0x0000000086a00000, 0x0000000086b00000|  0%| F|  |TAMS 0x0000000086a00000| PB 0x0000000086a00000| Untracked 
|  77|0x0000000086b00000, 0x0000000086b00000, 0x0000000086c00000|  0%| F|  |TAMS 0x0000000086b00000| PB 0x0000000086b00000| Untracked 
|  78|0x0000000086c00000, 0x0000000086c00000, 0x0000000086d00000|  0%| F|  |TAMS 0x0000000086c00000| PB 0x0000000086c00000| Untracked 
|  79|0x0000000086d00000, 0x0000000086d00000, 0x0000000086e00000|  0%| F|  |TAMS 0x0000000086d00000| PB 0x0000000086d00000| Untracked 
|  80|0x0000000086e00000, 0x0000000086e00000, 0x0000000086f00000|  0%| F|  |TAMS 0x0000000086e00000| PB 0x0000000086e00000| Untracked 
|  81|0x0000000086f00000, 0x0000000086f00000, 0x0000000087000000|  0%| F|  |TAMS 0x0000000086f00000| PB 0x0000000086f00000| Untracked 
|  82|0x0000000087000000, 0x0000000087000000, 0x0000000087100000|  0%| F|  |TAMS 0x0000000087000000| PB 0x0000000087000000| Untracked 
|  83|0x0000000087100000, 0x00000000871a8138, 0x0000000087200000| 65%| E|  |TAMS 0x0000000087100000| PB 0x0000000087100000| Complete 
|  84|0x0000000087200000, 0x0000000087300000, 0x0000000087300000|100%| E|CS|TAMS 0x0000000087200000| PB 0x0000000087200000| Complete 
|  85|0x0000000087300000, 0x0000000087400000, 0x0000000087400000|100%| E|CS|TAMS 0x0000000087300000| PB 0x0000000087300000| Complete 
|  86|0x0000000087400000, 0x0000000087500000, 0x0000000087500000|100%| E|CS|TAMS 0x0000000087400000| PB 0x0000000087400000| Complete 
|  87|0x0000000087500000, 0x0000000087600000, 0x0000000087600000|100%| E|  |TAMS 0x0000000087500000| PB 0x0000000087500000| Complete 
|  88|0x0000000087600000, 0x0000000087700000, 0x0000000087700000|100%| E|CS|TAMS 0x0000000087600000| PB 0x0000000087600000| Complete 
|  89|0x0000000087700000, 0x0000000087800000, 0x0000000087800000|100%| E|CS|TAMS 0x0000000087700000| PB 0x0000000087700000| Complete 
|  90|0x0000000087800000, 0x0000000087900000, 0x0000000087900000|100%| E|CS|TAMS 0x0000000087800000| PB 0x0000000087800000| Complete 
|  91|0x0000000087900000, 0x0000000087a00000, 0x0000000087a00000|100%| E|CS|TAMS 0x0000000087900000| PB 0x0000000087900000| Complete 
|  92|0x0000000087a00000, 0x0000000087b00000, 0x0000000087b00000|100%| E|CS|TAMS 0x0000000087a00000| PB 0x0000000087a00000| Complete 
|  93|0x0000000087b00000, 0x0000000087c00000, 0x0000000087c00000|100%| E|CS|TAMS 0x0000000087b00000| PB 0x0000000087b00000| Complete 
|  94|0x0000000087c00000, 0x0000000087d00000, 0x0000000087d00000|100%| E|CS|TAMS 0x0000000087c00000| PB 0x0000000087c00000| Complete 
|  95|0x0000000087d00000, 0x0000000087e00000, 0x0000000087e00000|100%| E|CS|TAMS 0x0000000087d00000| PB 0x0000000087d00000| Complete 
|  96|0x0000000087e00000, 0x0000000087f00000, 0x0000000087f00000|100%| E|CS|TAMS 0x0000000087e00000| PB 0x0000000087e00000| Complete 
|  97|0x0000000087f00000, 0x0000000088000000, 0x0000000088000000|100%| E|CS|TAMS 0x0000000087f00000| PB 0x0000000087f00000| Complete 
|  98|0x0000000088000000, 0x0000000088100000, 0x0000000088100000|100%| E|CS|TAMS 0x0000000088000000| PB 0x0000000088000000| Complete 
|  99|0x0000000088100000, 0x0000000088200000, 0x0000000088200000|100%| E|CS|TAMS 0x0000000088100000| PB 0x0000000088100000| Complete 
| 100|0x0000000088200000, 0x0000000088300000, 0x0000000088300000|100%| E|CS|TAMS 0x0000000088200000| PB 0x0000000088200000| Complete 
| 101|0x0000000088300000, 0x0000000088400000, 0x0000000088400000|100%| E|CS|TAMS 0x0000000088300000| PB 0x0000000088300000| Complete 
| 102|0x0000000088400000, 0x0000000088500000, 0x0000000088500000|100%| E|CS|TAMS 0x0000000088400000| PB 0x0000000088400000| Complete 
| 103|0x0000000088500000, 0x0000000088600000, 0x0000000088600000|100%| E|CS|TAMS 0x0000000088500000| PB 0x0000000088500000| Complete 
| 104|0x0000000088600000, 0x0000000088700000, 0x0000000088700000|100%| E|CS|TAMS 0x0000000088600000| PB 0x0000000088600000| Complete 
| 105|0x0000000088700000, 0x0000000088800000, 0x0000000088800000|100%| E|CS|TAMS 0x0000000088700000| PB 0x0000000088700000| Complete 
| 106|0x0000000088800000, 0x0000000088900000, 0x0000000088900000|100%| E|CS|TAMS 0x0000000088800000| PB 0x0000000088800000| Complete 
| 107|0x0000000088900000, 0x0000000088a00000, 0x0000000088a00000|100%| E|CS|TAMS 0x0000000088900000| PB 0x0000000088900000| Complete 
| 108|0x0000000088a00000, 0x0000000088b00000, 0x0000000088b00000|100%| E|CS|TAMS 0x0000000088a00000| PB 0x0000000088a00000| Complete 
| 109|0x0000000088b00000, 0x0000000088bcc000, 0x0000000088c00000| 79%| S|CS|TAMS 0x0000000088b00000| PB 0x0000000088b00000| Complete 
| 110|0x0000000088c00000, 0x0000000088d00000, 0x0000000088d00000|100%| E|CS|TAMS 0x0000000088c00000| PB 0x0000000088c00000| Complete 
| 111|0x0000000088d00000, 0x0000000088e00000, 0x0000000088e00000|100%| E|CS|TAMS 0x0000000088d00000| PB 0x0000000088d00000| Complete 
| 112|0x0000000088e00000, 0x0000000088f00000, 0x0000000088f00000|100%| E|CS|TAMS 0x0000000088e00000| PB 0x0000000088e00000| Complete 
| 113|0x0000000088f00000, 0x0000000089000000, 0x0000000089000000|100%| E|CS|TAMS 0x0000000088f00000| PB 0x0000000088f00000| Complete 
| 114|0x0000000089000000, 0x0000000089100000, 0x0000000089100000|100%| E|CS|TAMS 0x0000000089000000| PB 0x0000000089000000| Complete 
| 115|0x0000000089100000, 0x0000000089200000, 0x0000000089200000|100%| E|CS|TAMS 0x0000000089100000| PB 0x0000000089100000| Complete 
| 116|0x0000000089200000, 0x0000000089300000, 0x0000000089300000|100%| E|CS|TAMS 0x0000000089200000| PB 0x0000000089200000| Complete 
| 117|0x0000000089300000, 0x0000000089400000, 0x0000000089400000|100%| E|CS|TAMS 0x0000000089300000| PB 0x0000000089300000| Complete 
| 118|0x0000000089400000, 0x0000000089500000, 0x0000000089500000|100%| E|CS|TAMS 0x0000000089400000| PB 0x0000000089400000| Complete 
| 119|0x0000000089500000, 0x0000000089600000, 0x0000000089600000|100%| E|CS|TAMS 0x0000000089500000| PB 0x0000000089500000| Complete 
| 120|0x0000000089600000, 0x0000000089700000, 0x0000000089700000|100%| E|CS|TAMS 0x0000000089600000| PB 0x0000000089600000| Complete 
| 121|0x0000000089700000, 0x0000000089800000, 0x0000000089800000|100%| E|CS|TAMS 0x0000000089700000| PB 0x0000000089700000| Complete 
| 122|0x0000000089800000, 0x0000000089900000, 0x0000000089900000|100%| E|CS|TAMS 0x0000000089800000| PB 0x0000000089800000| Complete 
| 123|0x0000000089900000, 0x0000000089a00000, 0x0000000089a00000|100%| E|CS|TAMS 0x0000000089900000| PB 0x0000000089900000| Complete 
| 124|0x0000000089a00000, 0x0000000089b00000, 0x0000000089b00000|100%| E|CS|TAMS 0x0000000089a00000| PB 0x0000000089a00000| Complete 
| 125|0x0000000089b00000, 0x0000000089c00000, 0x0000000089c00000|100%| E|CS|TAMS 0x0000000089b00000| PB 0x0000000089b00000| Complete 
| 126|0x0000000089c00000, 0x0000000089d00000, 0x0000000089d00000|100%| E|CS|TAMS 0x0000000089c00000| PB 0x0000000089c00000| Complete 
| 127|0x0000000089d00000, 0x0000000089e00000, 0x0000000089e00000|100%| E|CS|TAMS 0x0000000089d00000| PB 0x0000000089d00000| Complete 

Card table byte_map: [0x0000025b50760000,0x0000025b50b60000] _byte_map_base: 0x0000025b50351000

Marking Bits: (CMBitMap*) 0x0000025b38f45510
 Bits: [0x0000025b50b60000, 0x0000025b52ae8000)

Polling page: 0x0000025b386c0000

Metaspace:

Usage:
  Non-class:     12.18 MB used.
      Class:      1.66 MB used.
       Both:     13.85 MB used.

Virtual space:
  Non-class space:       64.00 MB reserved,      12.31 MB ( 19%) committed,  1 nodes.
      Class space:        1.00 GB reserved,       1.75 MB ( <1%) committed,  1 nodes.
             Both:        1.06 GB reserved,      14.06 MB (  1%) committed. 

Chunk freelists:
   Non-Class:  3.05 MB
       Class:  14.07 MB
        Both:  17.12 MB

MaxMetaspaceSize: unlimited
CompressedClassSpaceSize: 1.00 GB
Initial GC threshold: 21.00 MB
Current GC threshold: 21.00 MB
CDS: on
 - commit_granule_bytes: 65536.
 - commit_granule_words: 8192.
 - virtual_space_node_default_size: 8388608.
 - enlarge_chunks_in_place: 1.
 - use_allocation_guard: 0.


Internal statistics:

num_allocs_failed_limit: 0.
num_arena_births: 140.
num_arena_deaths: 0.
num_vsnodes_births: 2.
num_vsnodes_deaths: 0.
num_space_committed: 225.
num_space_uncommitted: 0.
num_chunks_returned_to_freelist: 0.
num_chunks_taken_from_freelist: 578.
num_chunk_merges: 0.
num_chunk_splits: 424.
num_chunks_enlarged: 357.
num_inconsistent_stats: 0.

CodeHeap 'non-profiled nmethods': size=120000Kb used=1002Kb max_used=1002Kb free=118997Kb
 bounds [0x0000025b48e30000, 0x0000025b490a0000, 0x0000025b50360000]
CodeHeap 'profiled nmethods': size=120000Kb used=5526Kb max_used=5526Kb free=114473Kb
 bounds [0x0000025b41360000, 0x0000025b418d0000, 0x0000025b48890000]
CodeHeap 'non-nmethods': size=5760Kb used=1389Kb max_used=1419Kb free=4370Kb
 bounds [0x0000025b48890000, 0x0000025b48b00000, 0x0000025b48e30000]
 total_blobs=3236 nmethods=2750 adapters=390
 compilation: enabled
              stopped_count=0, restarted_count=0
 full_count=0

Compilation events (20 events):
Event: 2.366 Thread 0x0000025b54fbedd0 2736       3       java.lang.invoke.MethodHandleNatives::canBeCalledVirtual (49 bytes)
Event: 2.367 Thread 0x0000025b54fbedd0 nmethod 2736 0x0000025b418bff90 code [0x0000025b418c0180, 0x0000025b418c0638]
Event: 2.367 Thread 0x0000025b54fbedd0 2741       3       java.util.regex.Pattern$$Lambda/0x0000025b57058898::is (5 bytes)
Event: 2.367 Thread 0x0000025b54fbedd0 nmethod 2741 0x0000025b418c0810 code [0x0000025b418c09c0, 0x0000025b418c0c30]
Event: 2.367 Thread 0x0000025b54fbedd0 2742       3       java.util.regex.Pattern::lambda$DOT$11 (34 bytes)
Event: 2.367 Thread 0x0000025b54fbedd0 nmethod 2742 0x0000025b418c0d10 code [0x0000025b418c0ec0, 0x0000025b418c10b0]
Event: 2.369 Thread 0x0000025b54fbedd0 2743   !   3       com.google.inject.internal.Initializer$InjectableReference::get (254 bytes)
Event: 2.371 Thread 0x0000025b54fbedd0 nmethod 2743 0x0000025b418c1110 code [0x0000025b418c14a0, 0x0000025b418c2638]
Event: 2.371 Thread 0x0000025b54fbedd0 2744       3       com.google.inject.internal.BindingImpl::getProvider (44 bytes)
Event: 2.371 Thread 0x0000025b54fbedd0 nmethod 2744 0x0000025b418c3010 code [0x0000025b418c31e0, 0x0000025b418c34f8]
Event: 2.371 Thread 0x0000025b54fbedd0 2745       3       com.google.inject.internal.InjectorImpl::getProviderOrThrow (35 bytes)
Event: 2.372 Thread 0x0000025b54fbedd0 nmethod 2745 0x0000025b418c3610 code [0x0000025b418c37e0, 0x0000025b418c3c30]
Event: 2.372 Thread 0x0000025b54fbedd0 2746       1       com.google.inject.internal.InternalContext::getDependency (5 bytes)
Event: 2.372 Thread 0x0000025b54fbedd0 nmethod 2746 0x0000025b48f23190 code [0x0000025b48f23320, 0x0000025b48f233e8]
Event: 2.399 Thread 0x0000025b54fbedd0 2747       3       java.util.regex.Pattern$$Lambda/0x800000032::is (9 bytes)
Event: 2.399 Thread 0x0000025b54fbedd0 nmethod 2747 0x0000025b418c3e10 code [0x0000025b418c3fc0, 0x0000025b418c4248]
Event: 2.399 Thread 0x0000025b54fbedd0 2748       3       java.util.regex.Pattern::lambda$negate$7 (16 bytes)
Event: 2.399 Thread 0x0000025b54fbedd0 nmethod 2748 0x0000025b418c4310 code [0x0000025b418c44c0, 0x0000025b418c46c8]
Event: 2.416 Thread 0x0000025b54fbedd0 2750       3       org.apache.maven.model.io.xpp3.MavenXpp3ReaderEx::checkFieldWithDuplicate (75 bytes)
Event: 2.417 Thread 0x0000025b54fbedd0 nmethod 2750 0x0000025b418c4790 code [0x0000025b418c4a40, 0x0000025b418c5458]

GC Heap History (4 events):
Event: 0.577 GC heap before
{Heap before GC invocations=0 (full 0):
 garbage-first heap   total 131072K, used 13312K [0x0000000081e00000, 0x0000000100000000)
  region size 1024K, 13 young (13312K), 0 survivors (0K)
 Metaspace       used 3605K, committed 3840K, reserved 1114112K
  class space    used 374K, committed 512K, reserved 1048576K
}
Event: 0.583 GC heap after
{Heap after GC invocations=1 (full 0):
 garbage-first heap   total 131072K, used 3199K [0x0000000081e00000, 0x0000000100000000)
  region size 1024K, 2 young (2048K), 2 survivors (2048K)
 Metaspace       used 3605K, committed 3840K, reserved 1114112K
  class space    used 374K, committed 512K, reserved 1048576K
}
Event: 0.999 GC heap before
{Heap before GC invocations=1 (full 0):
 garbage-first heap   total 131072K, used 19583K [0x0000000081e00000, 0x0000000100000000)
  region size 1024K, 18 young (18432K), 2 survivors (2048K)
 Metaspace       used 6261K, committed 6464K, reserved 1114112K
  class space    used 731K, committed 832K, reserved 1048576K
}
Event: 1.004 GC heap after
{Heap after GC invocations=2 (full 0):
 garbage-first heap   total 131072K, used 4241K [0x0000000081e00000, 0x0000000100000000)
  region size 1024K, 1 young (1024K), 1 survivors (1024K)
 Metaspace       used 6261K, committed 6464K, reserved 1114112K
  class space    used 731K, committed 832K, reserved 1048576K
}

Dll operation events (8 events):
Event: 0.009 Loaded shared library C:\Program Files\Java\jdk-21\bin\java.dll
Event: 0.045 Loaded shared library C:\Program Files\Java\jdk-21\bin\jsvml.dll
Event: 0.068 Loaded shared library C:\Program Files\Java\jdk-21\bin\net.dll
Event: 0.070 Loaded shared library C:\Program Files\Java\jdk-21\bin\nio.dll
Event: 0.074 Loaded shared library C:\Program Files\Java\jdk-21\bin\zip.dll
Event: 0.238 Loaded shared library C:\Program Files\Java\jdk-21\bin\jimage.dll
Event: 0.240 Loaded shared library C:\Program Files\Apache\apache-maven-3.9.11\lib\jansi-native\Windows\x86_64\jansi.dll
Event: 0.264 Loaded shared library C:\Program Files\Java\jdk-21\bin\verify.dll

Deoptimization events (20 events):
Event: 2.261 Thread 0x0000025b38ef3420 DEOPT PACKING pc=0x0000025b48ef6c18 sp=0x0000007c2fef9970
Event: 2.261 Thread 0x0000025b38ef3420 DEOPT UNPACKING pc=0x0000025b488e46a2 sp=0x0000007c2fef98d8 mode 2
Event: 2.261 Thread 0x0000025b38ef3420 Uncommon trap: trap_request=0xffffff45 fr.pc=0x0000025b48eefca4 relative=0x0000000000000c24
Event: 2.261 Thread 0x0000025b38ef3420 Uncommon trap: reason=unstable_if action=reinterpret pc=0x0000025b48eefca4 method=jdk.internal.org.objectweb.asm.SymbolTable.put(Ljdk/internal/org/objectweb/asm/SymbolTable$Entry;)Ljdk/internal/org/objectweb/asm/SymbolTable$Entry; @ 13 c2
Event: 2.261 Thread 0x0000025b38ef3420 DEOPT PACKING pc=0x0000025b48eefca4 sp=0x0000007c2fef9680
Event: 2.261 Thread 0x0000025b38ef3420 DEOPT UNPACKING pc=0x0000025b488e46a2 sp=0x0000007c2fef95b8 mode 2
Event: 2.282 Thread 0x0000025b38ef3420 Uncommon trap: trap_request=0xffffff45 fr.pc=0x0000025b48f1c6b4 relative=0x0000000000000ab4
Event: 2.282 Thread 0x0000025b38ef3420 Uncommon trap: reason=unstable_if action=reinterpret pc=0x0000025b48f1c6b4 method=org.eclipse.sisu.inject.InjectorBindings.isAssignableFrom(Lcom/google/inject/TypeLiteral;Lcom/google/inject/Binding;)Z @ 15 c2
Event: 2.282 Thread 0x0000025b38ef3420 DEOPT PACKING pc=0x0000025b48f1c6b4 sp=0x0000007c2fefdc10
Event: 2.282 Thread 0x0000025b38ef3420 DEOPT UNPACKING pc=0x0000025b488e46a2 sp=0x0000007c2fefdbe0 mode 2
Event: 2.299 Thread 0x0000025b38ef3420 Uncommon trap: trap_request=0xffffff45 fr.pc=0x0000025b48e8b6b8 relative=0x0000000000000918
Event: 2.299 Thread 0x0000025b38ef3420 Uncommon trap: reason=unstable_if action=reinterpret pc=0x0000025b48e8b6b8 method=sun.nio.cs.StreamDecoder.implRead([CII)I @ 36 c2
Event: 2.299 Thread 0x0000025b38ef3420 DEOPT PACKING pc=0x0000025b48e8b6b8 sp=0x0000007c2fefe690
Event: 2.299 Thread 0x0000025b38ef3420 DEOPT UNPACKING pc=0x0000025b488e46a2 sp=0x0000007c2fefe650 mode 2
Event: 2.300 Thread 0x0000025b38ef3420 Uncommon trap: trap_request=0x00000259 fr.pc=0x0000025b48e5a684 relative=0x00000000000000e4
Event: 2.300 Thread 0x0000025b38ef3420 Uncommon trap: reason=unloaded action=reinterpret pc=0x0000025b48e5a684 method=org.codehaus.plexus.util.xml.pull.MXParser.more()C @ 22 c2
Event: 2.300 Thread 0x0000025b38ef3420 DEOPT PACKING pc=0x0000025b48e5a684 sp=0x0000007c2fefe9d0
Event: 2.300 Thread 0x0000025b38ef3420 DEOPT UNPACKING pc=0x0000025b488e46a2 sp=0x0000007c2fefe970 mode 2
Event: 2.362 Thread 0x0000025b38ef3420 DEOPT PACKING pc=0x0000025b415e5dac sp=0x0000007c2fefe860
Event: 2.362 Thread 0x0000025b38ef3420 DEOPT UNPACKING pc=0x0000025b488e4e42 sp=0x0000007c2fefdd28 mode 0

Classes loaded (20 events):
Event: 2.362 Loading class jdk/internal/misc/ThreadTracker
Event: 2.362 Loading class jdk/internal/misc/ThreadTracker done
Event: 2.362 Loading class jdk/internal/misc/ThreadTracker$ThreadRef
Event: 2.362 Loading class jdk/internal/misc/ThreadTracker$ThreadRef done
Event: 2.362 Loading class java/net/URL$2
Event: 2.362 Loading class java/net/URL$2 done
Event: 2.362 Loading class java/net/URL$1
Event: 2.362 Loading class java/net/URL$1 done
Event: 2.362 Loading class java/net/spi/URLStreamHandlerProvider
Event: 2.362 Loading class java/net/spi/URLStreamHandlerProvider done
Event: 2.362 Loading class sun/net/www/protocol/https/Handler
Event: 2.362 Loading class sun/net/www/protocol/http/Handler
Event: 2.363 Loading class sun/net/www/protocol/http/Handler done
Event: 2.363 Loading class sun/net/www/protocol/https/Handler done
Event: 2.365 Loading class java/util/regex/Pattern$Pos
Event: 2.365 Loading class java/util/regex/Pattern$Pos done
Event: 2.371 Loading class java/util/ArrayList$SubList$1
Event: 2.371 Loading class java/util/ArrayList$SubList$1 done
Event: 2.383 Loading class java/util/concurrent/atomic/AtomicReference
Event: 2.384 Loading class java/util/concurrent/atomic/AtomicReference done

Classes unloaded (0 events):
No events

Classes redefined (0 events):
No events

Internal exceptions (20 events):
Event: 0.639 Thread 0x0000025b38ef3420 Exception <a 'java/lang/NoSuchMethodError'{0x0000000089b149a0}: 'java.lang.Object java.lang.invoke.DirectMethodHandle$Holder.invokeInterface(java.lang.Object, java.lang.Object)'> (0x0000000089b149a0) 
thrown [s\open\src\hotspot\share\interpreter\linkResolver.cpp, line 773]
Event: 0.656 Thread 0x0000025b38ef3420 Exception <a 'java/lang/NoSuchMethodError'{0x0000000089badd60}: 'int java.lang.invoke.DirectMethodHandle$Holder.invokeStatic(java.lang.Object, java.lang.Object, java.lang.Object, java.lang.Object)'> (0x0000000089badd60) 
thrown [s\open\src\hotspot\share\interpreter\linkResolver.cpp, line 773]
Event: 0.656 Thread 0x0000025b38ef3420 Exception <a 'java/lang/NoSuchMethodError'{0x0000000089bb13e0}: 'java.lang.Object java.lang.invoke.Invokers$Holder.invokeExact_MT(java.lang.Object, java.lang.Object, java.lang.Object, java.lang.Object, java.lang.Object, java.lang.Object)'> (0x0000000089bb13e0) 
thrown [s\open\src\hotspot\share\interpreter\linkResolver.cpp, line 773]
Event: 0.658 Thread 0x0000025b38ef3420 Exception <a 'java/lang/NoSuchMethodError'{0x0000000089bbfa90}: 'int java.lang.invoke.DirectMethodHandle$Holder.invokeSpecialIFC(java.lang.Object, java.lang.Object, java.lang.Object, java.lang.Object, java.lang.Object)'> (0x0000000089bbfa90) 
thrown [s\open\src\hotspot\share\interpreter\linkResolver.cpp, line 773]
Event: 0.709 Thread 0x0000025b38ef3420 Exception <a 'java/lang/NoSuchMethodError'{0x0000000089945408}: 'java.lang.Object java.lang.invoke.DirectMethodHandle$Holder.newInvokeSpecial(java.lang.Object, java.lang.Object, java.lang.Object, java.lang.Object, java.lang.Object)'> (0x0000000089945408) 
thrown [s\open\src\hotspot\share\interpreter\linkResolver.cpp, line 773]
Event: 0.744 Thread 0x0000025b38ef3420 Exception <a 'java/lang/NoSuchMethodError'{0x0000000089856b30}: 'int java.lang.invoke.DirectMethodHandle$Holder.invokeStaticInit(java.lang.Object, java.lang.Object)'> (0x0000000089856b30) 
thrown [s\open\src\hotspot\share\interpreter\linkResolver.cpp, line 773]
Event: 0.753 Thread 0x0000025b38ef3420 Exception <a 'java/lang/NoClassDefFoundError'{0x000000008988bd68}: javax/enterprise/inject/Typed> (0x000000008988bd68) 
thrown [s\open\src\hotspot\share\classfile\systemDictionary.cpp, line 301]
Event: 1.760 Thread 0x0000025b38ef3420 Exception <a 'java/lang/NoSuchMethodError'{0x0000000088119440}: 'void java.lang.invoke.DirectMethodHandle$Holder.invokeStaticInit(java.lang.Object, java.lang.Object, java.lang.Object)'> (0x0000000088119440) 
thrown [s\open\src\hotspot\share\interpreter\linkResolver.cpp, line 773]
Event: 1.766 Thread 0x0000025b38ef3420 Exception <a 'java/lang/ExceptionInInitializerError'{0x0000000088146c08}> (0x0000000088146c08) 
thrown [s\open\src\hotspot\share\oops\instanceKlass.cpp, line 1180]
Event: 1.781 Thread 0x0000025b38ef3420 Exception <a 'java/lang/NoSuchMethodError'{0x00000000881b04c8}: 'long java.lang.invoke.DirectMethodHandle$Holder.invokeStatic(java.lang.Object, java.lang.Object, int)'> (0x00000000881b04c8) 
thrown [s\open\src\hotspot\share\interpreter\linkResolver.cpp, line 773]
Event: 1.784 Thread 0x0000025b38ef3420 Exception <a 'java/lang/NoSuchMethodError'{0x00000000881c3560}: 'java.lang.Object java.lang.invoke.DirectMethodHandle$Holder.invokeStatic(java.lang.Object, java.lang.Object, java.lang.Object, java.lang.Object, int)'> (0x00000000881c3560) 
thrown [s\open\src\hotspot\share\interpreter\linkResolver.cpp, line 773]
Event: 1.785 Thread 0x0000025b38ef3420 Exception <a 'java/lang/NoSuchMethodError'{0x00000000881cb478}: 'java.lang.Object java.lang.invoke.DirectMethodHandle$Holder.invokeSpecial(java.lang.Object, java.lang.Object, java.lang.Object, java.lang.Object, long)'> (0x00000000881cb478) 
thrown [s\open\src\hotspot\share\interpreter\linkResolver.cpp, line 773]
Event: 1.786 Thread 0x0000025b38ef3420 Exception <a 'java/lang/NoSuchMethodError'{0x00000000881d6f68}: 'java.lang.Object java.lang.invoke.DirectMethodHandle$Holder.invokeSpecial(java.lang.Object, java.lang.Object, java.lang.Object, int, java.lang.Object)'> (0x00000000881d6f68) 
thrown [s\open\src\hotspot\share\interpreter\linkResolver.cpp, line 773]
Event: 1.787 Thread 0x0000025b38ef3420 Exception <a 'java/lang/NoSuchMethodError'{0x00000000881df088}: 'int java.lang.invoke.DirectMethodHandle$Holder.invokeSpecial(java.lang.Object, java.lang.Object, java.lang.Object, int)'> (0x00000000881df088) 
thrown [s\open\src\hotspot\share\interpreter\linkResolver.cpp, line 773]
Event: 1.792 Thread 0x0000025b38ef3420 Implicit null exception at 0x0000025b48ed8a5a to 0x0000025b48ed8c34
Event: 1.794 Thread 0x0000025b38ef3420 Exception <a 'java/lang/NoSuchMethodError'{0x0000000088003b98}: 'java.lang.Object java.lang.invoke.Invokers$Holder.invokeExact_MT(java.lang.Object, int, java.lang.Object)'> (0x0000000088003b98) 
thrown [s\open\src\hotspot\share\interpreter\linkResolver.cpp, line 773]
Event: 2.089 Thread 0x0000025b38ef3420 Exception <a 'java/lang/NoSuchMethodError'{0x00000000878013c0}: 'void java.lang.invoke.Invokers$Holder.invokeExact_MT(java.lang.Object, java.lang.Object, java.lang.Object, java.lang.Object)'> (0x00000000878013c0) 
thrown [s\open\src\hotspot\share\interpreter\linkResolver.cpp, line 773]
Event: 2.112 Thread 0x0000025b38ef3420 Exception <a 'java/lang/NoClassDefFoundError'{0x000000008788f568}: com/google/inject/servlet/ServletModuleTargetVisitor> (0x000000008788f568) 
thrown [s\open\src\hotspot\share\classfile\systemDictionary.cpp, line 301]
Event: 2.198 Thread 0x0000025b38ef3420 Exception <a 'java/lang/NoSuchMethodError'{0x00000000876544d8}: 'void java.lang.invoke.DirectMethodHandle$Holder.invokeVirtual(java.lang.Object, java.lang.Object)'> (0x00000000876544d8) 
thrown [s\open\src\hotspot\share\interpreter\linkResolver.cpp, line 773]
Event: 2.240 Thread 0x0000025b38ef3420 Exception <a 'java/lang/NoSuchMethodError'{0x00000000876d38d0}: 'java.lang.Object java.lang.invoke.DirectMethodHandle$Holder.invokeStaticInit(java.lang.Object, int, int, int, int)'> (0x00000000876d38d0) 
thrown [s\open\src\hotspot\share\interpreter\linkResolver.cpp, line 773]

ZGC Phase Switch (0 events):
No events

VM Operations (20 events):
Event: 1.839 Executing VM operation: HandshakeAllThreads (Deoptimize)
Event: 1.839 Executing VM operation: HandshakeAllThreads (Deoptimize) done
Event: 1.842 Executing VM operation: HandshakeAllThreads (Deoptimize)
Event: 1.842 Executing VM operation: HandshakeAllThreads (Deoptimize) done
Event: 1.931 Executing VM operation: HandshakeAllThreads (Deoptimize)
Event: 1.931 Executing VM operation: HandshakeAllThreads (Deoptimize) done
Event: 2.066 Executing VM operation: ICBufferFull
Event: 2.066 Executing VM operation: ICBufferFull done
Event: 2.084 Executing VM operation: HandshakeAllThreads (Deoptimize)
Event: 2.084 Executing VM operation: HandshakeAllThreads (Deoptimize) done
Event: 2.209 Executing VM operation: HandshakeAllThreads (Deoptimize)
Event: 2.209 Executing VM operation: HandshakeAllThreads (Deoptimize) done
Event: 2.260 Executing VM operation: HandshakeAllThreads (Deoptimize)
Event: 2.260 Executing VM operation: HandshakeAllThreads (Deoptimize) done
Event: 2.300 Executing VM operation: HandshakeAllThreads (Deoptimize)
Event: 2.301 Executing VM operation: HandshakeAllThreads (Deoptimize) done
Event: 2.362 Executing VM operation: HandshakeAllThreads (Deoptimize)
Event: 2.362 Executing VM operation: HandshakeAllThreads (Deoptimize) done
Event: 2.363 Executing VM operation: HandshakeAllThreads (Deoptimize)
Event: 2.363 Executing VM operation: HandshakeAllThreads (Deoptimize) done

Events (16 events):
Event: 0.026 Thread 0x0000025b38ef3420 Thread added: 0x0000025b38ef3420
Event: 0.042 Thread 0x0000025b54fb0a40 Thread added: 0x0000025b54fb0a40
Event: 0.043 Thread 0x0000025b54fb1960 Thread added: 0x0000025b54fb1960
Event: 0.043 Thread 0x0000025b54fb7690 Thread added: 0x0000025b54fb7690
Event: 0.043 Thread 0x0000025b54fba460 Thread added: 0x0000025b54fba460
Event: 0.043 Thread 0x0000025b54fbb660 Thread added: 0x0000025b54fbb660
Event: 0.043 Thread 0x0000025b54fbc860 Thread added: 0x0000025b54fbc860
Event: 0.043 Thread 0x0000025b54fbe330 Thread added: 0x0000025b54fbe330
Event: 0.043 Thread 0x0000025b54fbedd0 Thread added: 0x0000025b54fbedd0
Event: 0.061 Thread 0x0000025b55244340 Thread added: 0x0000025b55244340
Event: 0.064 Thread 0x0000025b55250e60 Thread added: 0x0000025b55250e60
Event: 0.237 Thread 0x0000025b5564dd90 Thread added: 0x0000025b5564dd90
Event: 0.248 Thread 0x0000025b5564dd90 Thread exited: 0x0000025b5564dd90
Event: 0.758 Thread 0x0000025b55cf5c40 Thread added: 0x0000025b55cf5c40
Event: 1.749 Thread 0x0000025b55cf5c40 Thread exited: 0x0000025b55cf5c40
Event: 2.320 Thread 0x0000025b9b3fcc40 Thread added: 0x0000025b9b3fcc40


Dynamic libraries:
0x00007ff69a110000 - 0x00007ff69a120000 	C:\Program Files\Java\jdk-21\bin\java.exe
0x00007fff4fab0000 - 0x00007fff4fca8000 	C:\Windows\SYSTEM32\ntdll.dll
0x00007fff4dd90000 - 0x00007fff4de52000 	C:\Windows\System32\KERNEL32.DLL
0x00007fff4d780000 - 0x00007fff4da76000 	C:\Windows\System32\KERNELBASE.dll
0x00007fff4d200000 - 0x00007fff4d300000 	C:\Windows\System32\ucrtbase.dll
0x00007fff30fe0000 - 0x00007fff30ff9000 	C:\Program Files\Java\jdk-21\bin\jli.dll
0x00007fff30fc0000 - 0x00007fff30fdb000 	C:\Program Files\Java\jdk-21\bin\VCRUNTIME140.dll
0x00007fff4e570000 - 0x00007fff4e621000 	C:\Windows\System32\ADVAPI32.dll
0x00007fff4e4d0000 - 0x00007fff4e56e000 	C:\Windows\System32\msvcrt.dll
0x00007fff4ef50000 - 0x00007fff4efef000 	C:\Windows\System32\sechost.dll
0x00007fff4de60000 - 0x00007fff4df80000 	C:\Windows\System32\RPCRT4.dll
0x00007fff4d430000 - 0x00007fff4d457000 	C:\Windows\System32\bcrypt.dll
0x00007fff4f2c0000 - 0x00007fff4f461000 	C:\Windows\System32\USER32.dll
0x00007fff4d1d0000 - 0x00007fff4d1f2000 	C:\Windows\System32\win32u.dll
0x00007fff4fa40000 - 0x00007fff4fa6b000 	C:\Windows\System32\GDI32.dll
0x00007fff4d460000 - 0x00007fff4d579000 	C:\Windows\System32\gdi32full.dll
0x00007fff4c420000 - 0x00007fff4c6bb000 	C:\Windows\WinSxS\amd64_microsoft.windows.common-controls_6595b64144ccf1df_6.0.19041.6456_none_60b8a6cb71f64256\COMCTL32.dll
0x00007fff4d6e0000 - 0x00007fff4d77d000 	C:\Windows\System32\msvcp_win.dll
0x00007fff3c0a0000 - 0x00007fff3c0aa000 	C:\Windows\SYSTEM32\VERSION.dll
0x00007fff4db40000 - 0x00007fff4db6f000 	C:\Windows\System32\IMM32.DLL
0x00007fff31110000 - 0x00007fff3111c000 	C:\Program Files\Java\jdk-21\bin\vcruntime140_1.dll
0x00007fff2f7b0000 - 0x00007fff2f83e000 	C:\Program Files\Java\jdk-21\bin\msvcp140.dll
0x00007fff2ea90000 - 0x00007fff2f7a7000 	C:\Program Files\Java\jdk-21\bin\server\jvm.dll
0x00007fff4dd20000 - 0x00007fff4dd8b000 	C:\Windows\System32\WS2_32.dll
0x00007fff4cd30000 - 0x00007fff4cd7b000 	C:\Windows\SYSTEM32\POWRPROF.dll
0x00007fff3db50000 - 0x00007fff3db77000 	C:\Windows\SYSTEM32\WINMM.dll
0x00007fff4c7b0000 - 0x00007fff4c7c2000 	C:\Windows\SYSTEM32\UMPDC.dll
0x00007fff4a7f0000 - 0x00007fff4a802000 	C:\Windows\SYSTEM32\kernel.appcore.dll
0x00007fff31020000 - 0x00007fff3102a000 	C:\Program Files\Java\jdk-21\bin\jimage.dll
0x00007fff4cb00000 - 0x00007fff4cd01000 	C:\Windows\SYSTEM32\DBGHELP.DLL
0x00007fff4c980000 - 0x00007fff4c9b4000 	C:\Windows\SYSTEM32\dbgcore.DLL
0x00007fff4d140000 - 0x00007fff4d1c2000 	C:\Windows\System32\bcryptPrimitives.dll
0x00007fff31000000 - 0x00007fff3101f000 	C:\Program Files\Java\jdk-21\bin\java.dll
0x00007fff4e7e0000 - 0x00007fff4ef50000 	C:\Windows\System32\SHELL32.dll
0x00007fff4aad0000 - 0x00007fff4b275000 	C:\Windows\SYSTEM32\windows.storage.dll
0x00007fff4e170000 - 0x00007fff4e4c4000 	C:\Windows\System32\combase.dll
0x00007fff4c380000 - 0x00007fff4c3ab000 	C:\Windows\SYSTEM32\Wldp.dll
0x00007fff4dc30000 - 0x00007fff4dcfd000 	C:\Windows\System32\OLEAUT32.dll
0x00007fff4e0c0000 - 0x00007fff4e16d000 	C:\Windows\System32\SHCORE.dll
0x00007fff4db70000 - 0x00007fff4dbcb000 	C:\Windows\System32\shlwapi.dll
0x00007fff4d070000 - 0x00007fff4d094000 	C:\Windows\SYSTEM32\profapi.dll
0x00007fff2e980000 - 0x00007fff2ea57000 	C:\Program Files\Java\jdk-21\bin\jsvml.dll
0x00007fff2e970000 - 0x00007fff2e980000 	C:\Program Files\Java\jdk-21\bin\net.dll
0x00007fff470a0000 - 0x00007fff471aa000 	C:\Windows\SYSTEM32\WINHTTP.dll
0x00007fff4c2f0000 - 0x00007fff4c35a000 	C:\Windows\system32\mswsock.dll
0x00007fff2ea70000 - 0x00007fff2ea86000 	C:\Program Files\Java\jdk-21\bin\nio.dll
0x00007fff2e8a0000 - 0x00007fff2e8b8000 	C:\Program Files\Java\jdk-21\bin\zip.dll
0x00007fff3b8d0000 - 0x00007fff3b8f4000 	C:\Program Files\Apache\apache-maven-3.9.11\lib\jansi-native\Windows\x86_64\jansi.dll
0x00007fff2b7a0000 - 0x00007fff2b7b0000 	C:\Program Files\Java\jdk-21\bin\verify.dll

dbghelp: loaded successfully - version: 4.0.5 - missing functions: none
symbol engine: initialized successfully - sym options: 0x614 - pdb path: .;C:\Program Files\Java\jdk-21\bin;C:\Windows\SYSTEM32;C:\Windows\WinSxS\amd64_microsoft.windows.common-controls_6595b64144ccf1df_6.0.19041.6456_none_60b8a6cb71f64256;C:\Program Files\Java\jdk-21\bin\server;C:\Program Files\Apache\apache-maven-3.9.11\lib\jansi-native\Windows\x86_64

VM Arguments:
jvm_args: --enable-native-access=ALL-UNNAMED -Dclassworlds.conf=C:\Program Files\Apache\apache-maven-3.9.11\bin\m2.conf -Dmaven.home=C:\Program Files\Apache\apache-maven-3.9.11 -Dlibrary.jansi.path=C:\Program Files\Apache\apache-maven-3.9.11\lib\jansi-native -Dmaven.multiModuleProjectDirectory=d:\Architecture Micro-services avec RestTemplate\client-service 
java_command: org.codehaus.plexus.classworlds.launcher.Launcher spring-boot:run
java_class_path (initial): C:\Program Files\Apache\apache-maven-3.9.11\boot\plexus-classworlds-2.9.0.jar
Launcher Type: SUN_STANDARD

[Global flags]
     intx CICompilerCount                          = 3                                         {product} {ergonomic}
     uint ConcGCThreads                            = 1                                         {product} {ergonomic}
     uint G1ConcRefinementThreads                  = 4                                         {product} {ergonomic}
   size_t G1HeapRegionSize                         = 1048576                                   {product} {ergonomic}
    uintx GCDrainStackTargetSize                   = 64                                        {product} {ergonomic}
   size_t InitialHeapSize                          = 134217728                                 {product} {ergonomic}
   size_t MarkStackSize                            = 4194304                                   {product} {ergonomic}
   size_t MaxHeapSize                              = 2116026368                                {product} {ergonomic}
   size_t MaxNewSize                               = 1268776960                                {product} {ergonomic}
   size_t MinHeapDeltaBytes                        = 1048576                                   {product} {ergonomic}
   size_t MinHeapSize                              = 8388608                                   {product} {ergonomic}
    uintx NonNMethodCodeHeapSize                   = 5832780                                {pd product} {ergonomic}
    uintx NonProfiledCodeHeapSize                  = 122912730                              {pd product} {ergonomic}
    uintx ProfiledCodeHeapSize                     = 122912730                              {pd product} {ergonomic}
    uintx ReservedCodeCacheSize                    = 251658240                              {pd product} {ergonomic}
     bool SegmentedCodeCache                       = true                                      {product} {ergonomic}
   size_t SoftMaxHeapSize                          = 2116026368                             {manageable} {ergonomic}
     bool UseCompressedOops                        = true                           {product lp64_product} {ergonomic}
     bool UseG1GC                                  = true                                      {product} {ergonomic}
     bool UseLargePagesIndividualAllocation        = false                                  {pd product} {ergonomic}

Logging:
Log output configuration:
 #0: stdout all=warning uptime,level,tags foldmultilines=false
 #1: stderr all=off uptime,level,tags foldmultilines=false

Environment Variables:
JAVA_HOME=C:\Program Files\Java\jdk-21
PATH=C:\Python314\Scripts\;C:\Python311\Scripts\;C:\Python311\;C:\Program Files\Microsoft MPI\Bin\;C:\Python314\;C:\Program Files\Java\jdk-21\bin;C:\Program Files\Java\jdk1.8.0_191\bin;C:\Program Files (x86)\Common Files\Oracle\Java\javapath;C:\Users\hp\AppData\Local\Programs\Python\Python312\Scripts\;C:\Users\hp\AppData\Local\Programs\Python\Python312\;C:\Program Files (x86)\VMware\VMware Player\bin\;C:\Users\hp\AppData\Local\Programs\Python\Python312;C:\Users\hp\AppData\Local\Programs\Python\Python312\Scripts;C:\Program Files\Common Files\Oracle\Java\javapath;C:\Program Files\Microsoft\jdk-11.0.16.101-hotspot\bin;C:\Windows\system32;C:\Windows;C:\Windows\System32\Wbem;C:\Windows\System32\WindowsPowerShell\v1.0\;C:\Windows\System32\OpenSSH\;C:\xampp\php;C:\Program Files\dotnet\;C:\ProgramData\chocolatey\bin;C:\xampp3\php;C:\composer;C:\Users\hp\AppData\Local\Android\Sdk\platform-tools;C:\Program Files\apache-maven-3.9.5\bin;C:\Program Files\MongoDB\Server\7.0\bin;C:\Program Files\MongoDB\Server\7.0\bin;C:\mongosh-2.2.5-win32-x64\mongosh-2.2.5-win32-x64\bin;C:\Program Files\MySQL\MySQL Server 8.0\bin;C:\Program Files (x86)\sqlite3;C:\Program Files\Apache\maven-mvnd-1.0.3-windows-amd64\bin;C:\Program Files\Apache\apache-maven-3.9.11\bin;%JAVA_HOME%\bin;C:\Program Files\Apache\apache-maven-3.9.11\bin;C:\Program Files (x86)\Windows Kits\10\Windows Performance Toolkit\;C:\Program Files\Docker\Docker\resources\bin;C:\Program Files (x86)\Microsoft SQL Server\170\Tools\Binn\;C:\Program Files\Microsoft SQL Server\170\Tools\Binn\;C:\Program Files\Microsoft SQL Server\Client SDK\ODBC\180\Tools\Binn\;C:\Program Files\Microsoft SQL Server\170\DTS\Binn\;C:\Program Files\Microsoft SQL Server\Client SDK\ODBC\170\Tools\Binn\;C:\Program Files\Git\cmd;C:\Program Files\Microsoft SQL Server\130\DTS\Binn\;C:\Program Files\Microsoft SQL Server\140\DTS\Binn\;C:\Program Files\Microsoft SQL Server\150\DTS\Binn\;C:\Program Files\Microsoft SQL Server\160\DTS\Binn\;C:\Program Files\cursor\resources\app\bin;C:\Program Files\nodejs\;C:\Program Files\Java\jdk-21\bin;C:\Program Files\Java\jdk-21\bin;C:\Program Files (x86)\Common Files\Oracle\Java\javapath;C:\Users\hp\AppData\Local\Programs\Python\Python312\Scripts\;C:\Users\hp\AppData\Local\Programs\Python\Python312\;C:\Program Files (x86)\VMware\VMware Player\bin\;C:\Python311\Scripts\;C:\Python311\;C:\Program Files\Common Files\Oracle\Java\javapath;C:\Program Files\Microsoft\jdk-11.0.16.101-hotspot\bin;C:\Windows\system32;C:\Windows;C:\Windows\System32\Wbem;C:\Windows\System32\WindowsPowerShell\v1.0\;C:\Windows\System32\OpenSSH\;C:\xampp\php;C:\Program Files\dotnet\;C:\Program Files\Git\cmd;C:\ProgramData\chocolatey\bin;C:\xampp3\php;C:\composer;C:\Users\hp\AppData\Local\Android\Sdk\platform-tools;C:\Program Files\apache-maven-3.9.5\bin;C:\Program Files\Java\jdk1.8.0_191\bin;C:\Program Files\MongoDB\Server\7.0\bin;C:\Program Files\MongoDB\Server\7.0\bin;C:\mongosh-2.2.5-win32-x64\mongosh-2.2.5-win32-x64\bin;C:\Program Files\MySQL\MySQL Server 8.0\bin;C:\Program Files (x86)\sqlite3;C:\Program Files\Apache\maven-mvnd-1.0.3-windows-amd64\bin;D:\cursor\resources\app\bin;D:\Windsurf\bin;C:\Users\hp\AppData\Roaming\npm;C:\Users\hp\AppData\Local\Programs\mongosh\
USERNAME=hp
OS=Windows_NT
PROCESSOR_IDENTIFIER=Intel64 Family 6 Model 61 Stepping 4, GenuineIntel
TMP=C:\Users\hp\AppData\Local\Temp
TEMP=C:\Users\hp\AppData\Local\Temp




Periodic native trim disabled

---------------  S Y S T E M  ---------------

OS:
 Windows 10 , 64 bit Build 19041 (10.0.19041.5915)
OS uptime: 1 days 0:15 hours
Hyper-V role detected

CPU: total 4 (initial active 4) (2 cores per cpu, 2 threads per core) family 6 model 61 stepping 4 microcode 0x2d, cx8, cmov, fxsr, ht, mmx, 3dnowpref, sse, sse2, sse3, ssse3, sse4.1, sse4.2, popcnt, lzcnt, tsc, tscinvbit, avx, avx2, aes, erms, clmul, bmi1, bmi2, rtm, adx, fma, vzeroupper, clflush, hv, rdtscp, f16c
Processor Information for all 4 processors :
  Max Mhz: 2601, Current Mhz: 2601, Mhz Limit: 2601

Memory: 4k page, system-wide physical 8067M (1383M free)
TotalPageFile size 20355M (AvailPageFile size 8240M)
current process WorkingSet (physical memory assigned to process): 119M, peak: 123M
current process commit charge ("private bytes"): 234M, peak: 238M

vm_info: Java HotSpot(TM) 64-Bit Server VM (21.0.2+13-LTS-58) for windows-amd64 JRE (21.0.2+13-LTS-58), built on 2024-01-05T18:32:24Z by "mach5one" with MS VC++ 17.1 (VS2022)

END.
